<?xml version="1.0" encoding="UTF-8"?>
<testsuite xmlns:xsi="http://www.w3.org/2001/XMLSchema-instance" xsi:noNamespaceSchemaLocation="https://maven.apache.org/surefire/maven-surefire-plugin/xsd/surefire-test-report-3.0.xsd" version="3.0" name="TestSuite" time="6.383" tests="5" errors="0" skipped="0" failures="0">
  <properties>
    <property name="java.specification.version" value="17"/>
    <property name="sun.jnu.encoding" value="UTF-8"/>
    <property name="java.class.path" value="/Users/pulkit.agrawal/RestAssuredFramework/target/test-classes:/Users/pulkit.agrawal/RestAssuredFramework/target/classes:/Users/pulkit.agrawal/.m2/repository/io/rest-assured/rest-assured/5.3.1/rest-assured-5.3.1.jar:/Users/pulkit.agrawal/.m2/repository/org/apache/groovy/groovy/4.0.11/groovy-4.0.11.jar:/Users/pulkit.agrawal/.m2/repository/org/apache/groovy/groovy-xml/4.0.11/groovy-xml-4.0.11.jar:/Users/pulkit.agrawal/.m2/repository/org/apache/httpcomponents/httpclient/4.5.13/httpclient-4.5.13.jar:/Users/pulkit.agrawal/.m2/repository/org/apache/httpcomponents/httpcore/4.4.13/httpcore-4.4.13.jar:/Users/pulkit.agrawal/.m2/repository/commons-logging/commons-logging/1.2/commons-logging-1.2.jar:/Users/pulkit.agrawal/.m2/repository/commons-codec/commons-codec/1.11/commons-codec-1.11.jar:/Users/pulkit.agrawal/.m2/repository/org/apache/httpcomponents/httpmime/4.5.13/httpmime-4.5.13.jar:/Users/pulkit.agrawal/.m2/repository/org/hamcrest/hamcrest/2.2/hamcrest-2.2.jar:/Users/pulkit.agrawal/.m2/repository/org/ccil/cowan/tagsoup/tagsoup/1.2.1/tagsoup-1.2.1.jar:/Users/pulkit.agrawal/.m2/repository/io/rest-assured/json-path/5.3.1/json-path-5.3.1.jar:/Users/pulkit.agrawal/.m2/repository/org/apache/groovy/groovy-json/4.0.11/groovy-json-4.0.11.jar:/Users/pulkit.agrawal/.m2/repository/io/rest-assured/rest-assured-common/5.3.1/rest-assured-common-5.3.1.jar:/Users/pulkit.agrawal/.m2/repository/io/rest-assured/xml-path/5.3.1/xml-path-5.3.1.jar:/Users/pulkit.agrawal/.m2/repository/org/testng/testng/7.9.0/testng-7.9.0.jar:/Users/pulkit.agrawal/.m2/repository/org/slf4j/slf4j-api/1.7.36/slf4j-api-1.7.36.jar:/Users/pulkit.agrawal/.m2/repository/com/beust/jcommander/1.82/jcommander-1.82.jar:/Users/pulkit.agrawal/.m2/repository/org/webjars/jquery/3.7.1/jquery-3.7.1.jar:/Users/pulkit.agrawal/.m2/repository/com/fasterxml/jackson/core/jackson-databind/2.15.2/jackson-databind-2.15.2.jar:/Users/pulkit.agrawal/.m2/repository/com/fasterxml/jackson/core/jackson-annotations/2.15.2/jackson-annotations-2.15.2.jar:/Users/pulkit.agrawal/.m2/repository/com/fasterxml/jackson/core/jackson-core/2.15.2/jackson-core-2.15.2.jar:/Users/pulkit.agrawal/.m2/repository/io/rest-assured/json-schema-validator/5.3.2/json-schema-validator-5.3.2.jar:/Users/pulkit.agrawal/.m2/repository/com/github/java-json-tools/json-schema-validator/2.2.14/json-schema-validator-2.2.14.jar:/Users/pulkit.agrawal/.m2/repository/com/github/java-json-tools/jackson-coreutils-equivalence/1.0/jackson-coreutils-equivalence-1.0.jar:/Users/pulkit.agrawal/.m2/repository/com/github/java-json-tools/jackson-coreutils/2.0/jackson-coreutils-2.0.jar:/Users/pulkit.agrawal/.m2/repository/com/github/java-json-tools/msg-simple/1.2/msg-simple-1.2.jar:/Users/pulkit.agrawal/.m2/repository/com/github/java-json-tools/btf/1.3/btf-1.3.jar:/Users/pulkit.agrawal/.m2/repository/com/github/java-json-tools/json-schema-core/1.2.14/json-schema-core-1.2.14.jar:/Users/pulkit.agrawal/.m2/repository/com/github/java-json-tools/uri-template/0.10/uri-template-0.10.jar:/Users/pulkit.agrawal/.m2/repository/org/mozilla/rhino/1.7.7.2/rhino-1.7.7.2.jar:/Users/pulkit.agrawal/.m2/repository/com/sun/mail/mailapi/1.6.2/mailapi-1.6.2.jar:/Users/pulkit.agrawal/.m2/repository/joda-time/joda-time/2.10.5/joda-time-2.10.5.jar:/Users/pulkit.agrawal/.m2/repository/com/googlecode/libphonenumber/libphonenumber/8.11.1/libphonenumber-8.11.1.jar:/Users/pulkit.agrawal/.m2/repository/com/google/code/findbugs/jsr305/3.0.2/jsr305-3.0.2.jar:/Users/pulkit.agrawal/.m2/repository/net/sf/jopt-simple/jopt-simple/5.0.4/jopt-simple-5.0.4.jar:/Users/pulkit.agrawal/.m2/repository/com/google/guava/guava/32.0.1-jre/guava-32.0.1-jre.jar:/Users/pulkit.agrawal/.m2/repository/com/google/guava/failureaccess/1.0.1/failureaccess-1.0.1.jar:/Users/pulkit.agrawal/.m2/repository/com/google/guava/listenablefuture/9999.0-empty-to-avoid-conflict-with-guava/listenablefuture-9999.0-empty-to-avoid-conflict-with-guava.jar:/Users/pulkit.agrawal/.m2/repository/org/checkerframework/checker-qual/3.33.0/checker-qual-3.33.0.jar:/Users/pulkit.agrawal/.m2/repository/com/google/errorprone/error_prone_annotations/2.18.0/error_prone_annotations-2.18.0.jar:/Users/pulkit.agrawal/.m2/repository/com/google/j2objc/j2objc-annotations/2.8/j2objc-annotations-2.8.jar:/Users/pulkit.agrawal/.m2/repository/org/skyscreamer/jsonassert/1.5.1/jsonassert-1.5.1.jar:/Users/pulkit.agrawal/.m2/repository/com/vaadin/external/google/android-json/0.0.20131108.vaadin1/android-json-0.0.20131108.vaadin1.jar:/Users/pulkit.agrawal/.m2/repository/org/projectlombok/lombok/1.18.30/lombok-1.18.30.jar:/Users/pulkit.agrawal/.m2/repository/io/qameta/allure/allure-testng/2.25.0/allure-testng-2.25.0.jar:/Users/pulkit.agrawal/.m2/repository/io/qameta/allure/allure-java-commons/2.25.0/allure-java-commons-2.25.0.jar:/Users/pulkit.agrawal/.m2/repository/io/qameta/allure/allure-model/2.25.0/allure-model-2.25.0.jar:/Users/pulkit.agrawal/.m2/repository/io/qameta/allure/allure-test-filter/2.25.0/allure-test-filter-2.25.0.jar:/Users/pulkit.agrawal/.m2/repository/io/qameta/allure/allure-rest-assured/2.25.0/allure-rest-assured-2.25.0.jar:/Users/pulkit.agrawal/.m2/repository/io/qameta/allure/allure-attachments/2.25.0/allure-attachments-2.25.0.jar:/Users/pulkit.agrawal/.m2/repository/org/freemarker/freemarker/2.3.31/freemarker-2.3.31.jar:/Users/pulkit.agrawal/.m2/repository/com/github/javafaker/javafaker/1.0.2/javafaker-1.0.2.jar:/Users/pulkit.agrawal/.m2/repository/org/apache/commons/commons-lang3/3.5/commons-lang3-3.5.jar:/Users/pulkit.agrawal/.m2/repository/org/yaml/snakeyaml/1.23/snakeyaml-1.23-android.jar:/Users/pulkit.agrawal/.m2/repository/com/github/mifmif/generex/1.0.2/generex-1.0.2.jar:/Users/pulkit.agrawal/.m2/repository/dk/brics/automaton/automaton/1.11-8/automaton-1.11-8.jar:"/>
    <property name="java.vm.vendor" value="Homebrew"/>
    <property name="sun.arch.data.model" value="64"/>
    <property name="java.vendor.url" value="https://github.com/Homebrew/homebrew-core/issues"/>
    <property name="user.timezone" value="Asia/Kolkata"/>
    <property name="os.name" value="Mac OS X"/>
    <property name="java.vm.specification.version" value="17"/>
    <property name="sun.java.launcher" value="SUN_STANDARD"/>
    <property name="user.country" value="IN"/>
    <property name="sun.boot.library.path" value="/usr/local/Cellar/openjdk@17/17.0.9/libexec/openjdk.jdk/Contents/Home/lib"/>
    <property name="sun.java.command" value="/Users/pulkit.agrawal/RestAssuredFramework/target/surefire/surefirebooter-20240221144300896_3.jar /Users/pulkit.agrawal/RestAssuredFramework/target/surefire 2024-02-21T14-43-00_769-jvmRun1 surefire-20240221144300896_1tmp surefire_0-20240221144300896_2tmp"/>
    <property name="http.nonProxyHosts" value="local|*.local|169.254/16|*.169.254/16"/>
    <property name="jdk.debug" value="release"/>
    <property name="surefire.test.class.path" value="/Users/pulkit.agrawal/RestAssuredFramework/target/test-classes:/Users/pulkit.agrawal/RestAssuredFramework/target/classes:/Users/pulkit.agrawal/.m2/repository/io/rest-assured/rest-assured/5.3.1/rest-assured-5.3.1.jar:/Users/pulkit.agrawal/.m2/repository/org/apache/groovy/groovy/4.0.11/groovy-4.0.11.jar:/Users/pulkit.agrawal/.m2/repository/org/apache/groovy/groovy-xml/4.0.11/groovy-xml-4.0.11.jar:/Users/pulkit.agrawal/.m2/repository/org/apache/httpcomponents/httpclient/4.5.13/httpclient-4.5.13.jar:/Users/pulkit.agrawal/.m2/repository/org/apache/httpcomponents/httpcore/4.4.13/httpcore-4.4.13.jar:/Users/pulkit.agrawal/.m2/repository/commons-logging/commons-logging/1.2/commons-logging-1.2.jar:/Users/pulkit.agrawal/.m2/repository/commons-codec/commons-codec/1.11/commons-codec-1.11.jar:/Users/pulkit.agrawal/.m2/repository/org/apache/httpcomponents/httpmime/4.5.13/httpmime-4.5.13.jar:/Users/pulkit.agrawal/.m2/repository/org/hamcrest/hamcrest/2.2/hamcrest-2.2.jar:/Users/pulkit.agrawal/.m2/repository/org/ccil/cowan/tagsoup/tagsoup/1.2.1/tagsoup-1.2.1.jar:/Users/pulkit.agrawal/.m2/repository/io/rest-assured/json-path/5.3.1/json-path-5.3.1.jar:/Users/pulkit.agrawal/.m2/repository/org/apache/groovy/groovy-json/4.0.11/groovy-json-4.0.11.jar:/Users/pulkit.agrawal/.m2/repository/io/rest-assured/rest-assured-common/5.3.1/rest-assured-common-5.3.1.jar:/Users/pulkit.agrawal/.m2/repository/io/rest-assured/xml-path/5.3.1/xml-path-5.3.1.jar:/Users/pulkit.agrawal/.m2/repository/org/testng/testng/7.9.0/testng-7.9.0.jar:/Users/pulkit.agrawal/.m2/repository/org/slf4j/slf4j-api/1.7.36/slf4j-api-1.7.36.jar:/Users/pulkit.agrawal/.m2/repository/com/beust/jcommander/1.82/jcommander-1.82.jar:/Users/pulkit.agrawal/.m2/repository/org/webjars/jquery/3.7.1/jquery-3.7.1.jar:/Users/pulkit.agrawal/.m2/repository/com/fasterxml/jackson/core/jackson-databind/2.15.2/jackson-databind-2.15.2.jar:/Users/pulkit.agrawal/.m2/repository/com/fasterxml/jackson/core/jackson-annotations/2.15.2/jackson-annotations-2.15.2.jar:/Users/pulkit.agrawal/.m2/repository/com/fasterxml/jackson/core/jackson-core/2.15.2/jackson-core-2.15.2.jar:/Users/pulkit.agrawal/.m2/repository/io/rest-assured/json-schema-validator/5.3.2/json-schema-validator-5.3.2.jar:/Users/pulkit.agrawal/.m2/repository/com/github/java-json-tools/json-schema-validator/2.2.14/json-schema-validator-2.2.14.jar:/Users/pulkit.agrawal/.m2/repository/com/github/java-json-tools/jackson-coreutils-equivalence/1.0/jackson-coreutils-equivalence-1.0.jar:/Users/pulkit.agrawal/.m2/repository/com/github/java-json-tools/jackson-coreutils/2.0/jackson-coreutils-2.0.jar:/Users/pulkit.agrawal/.m2/repository/com/github/java-json-tools/msg-simple/1.2/msg-simple-1.2.jar:/Users/pulkit.agrawal/.m2/repository/com/github/java-json-tools/btf/1.3/btf-1.3.jar:/Users/pulkit.agrawal/.m2/repository/com/github/java-json-tools/json-schema-core/1.2.14/json-schema-core-1.2.14.jar:/Users/pulkit.agrawal/.m2/repository/com/github/java-json-tools/uri-template/0.10/uri-template-0.10.jar:/Users/pulkit.agrawal/.m2/repository/org/mozilla/rhino/1.7.7.2/rhino-1.7.7.2.jar:/Users/pulkit.agrawal/.m2/repository/com/sun/mail/mailapi/1.6.2/mailapi-1.6.2.jar:/Users/pulkit.agrawal/.m2/repository/joda-time/joda-time/2.10.5/joda-time-2.10.5.jar:/Users/pulkit.agrawal/.m2/repository/com/googlecode/libphonenumber/libphonenumber/8.11.1/libphonenumber-8.11.1.jar:/Users/pulkit.agrawal/.m2/repository/com/google/code/findbugs/jsr305/3.0.2/jsr305-3.0.2.jar:/Users/pulkit.agrawal/.m2/repository/net/sf/jopt-simple/jopt-simple/5.0.4/jopt-simple-5.0.4.jar:/Users/pulkit.agrawal/.m2/repository/com/google/guava/guava/32.0.1-jre/guava-32.0.1-jre.jar:/Users/pulkit.agrawal/.m2/repository/com/google/guava/failureaccess/1.0.1/failureaccess-1.0.1.jar:/Users/pulkit.agrawal/.m2/repository/com/google/guava/listenablefuture/9999.0-empty-to-avoid-conflict-with-guava/listenablefuture-9999.0-empty-to-avoid-conflict-with-guava.jar:/Users/pulkit.agrawal/.m2/repository/org/checkerframework/checker-qual/3.33.0/checker-qual-3.33.0.jar:/Users/pulkit.agrawal/.m2/repository/com/google/errorprone/error_prone_annotations/2.18.0/error_prone_annotations-2.18.0.jar:/Users/pulkit.agrawal/.m2/repository/com/google/j2objc/j2objc-annotations/2.8/j2objc-annotations-2.8.jar:/Users/pulkit.agrawal/.m2/repository/org/skyscreamer/jsonassert/1.5.1/jsonassert-1.5.1.jar:/Users/pulkit.agrawal/.m2/repository/com/vaadin/external/google/android-json/0.0.20131108.vaadin1/android-json-0.0.20131108.vaadin1.jar:/Users/pulkit.agrawal/.m2/repository/org/projectlombok/lombok/1.18.30/lombok-1.18.30.jar:/Users/pulkit.agrawal/.m2/repository/io/qameta/allure/allure-testng/2.25.0/allure-testng-2.25.0.jar:/Users/pulkit.agrawal/.m2/repository/io/qameta/allure/allure-java-commons/2.25.0/allure-java-commons-2.25.0.jar:/Users/pulkit.agrawal/.m2/repository/io/qameta/allure/allure-model/2.25.0/allure-model-2.25.0.jar:/Users/pulkit.agrawal/.m2/repository/io/qameta/allure/allure-test-filter/2.25.0/allure-test-filter-2.25.0.jar:/Users/pulkit.agrawal/.m2/repository/io/qameta/allure/allure-rest-assured/2.25.0/allure-rest-assured-2.25.0.jar:/Users/pulkit.agrawal/.m2/repository/io/qameta/allure/allure-attachments/2.25.0/allure-attachments-2.25.0.jar:/Users/pulkit.agrawal/.m2/repository/org/freemarker/freemarker/2.3.31/freemarker-2.3.31.jar:/Users/pulkit.agrawal/.m2/repository/com/github/javafaker/javafaker/1.0.2/javafaker-1.0.2.jar:/Users/pulkit.agrawal/.m2/repository/org/apache/commons/commons-lang3/3.5/commons-lang3-3.5.jar:/Users/pulkit.agrawal/.m2/repository/org/yaml/snakeyaml/1.23/snakeyaml-1.23-android.jar:/Users/pulkit.agrawal/.m2/repository/com/github/mifmif/generex/1.0.2/generex-1.0.2.jar:/Users/pulkit.agrawal/.m2/repository/dk/brics/automaton/automaton/1.11-8/automaton-1.11-8.jar:"/>
    <property name="sun.cpu.endian" value="little"/>
    <property name="user.home" value="/Users/pulkit.agrawal"/>
    <property name="user.language" value="en"/>
    <property name="java.specification.vendor" value="Oracle Corporation"/>
    <property name="java.version.date" value="2023-10-17"/>
    <property name="java.home" value="/usr/local/Cellar/openjdk@17/17.0.9/libexec/openjdk.jdk/Contents/Home"/>
    <property name="file.separator" value="/"/>
    <property name="basedir" value="/Users/pulkit.agrawal/RestAssuredFramework"/>
    <property name="java.vm.compressedOopsMode" value="Zero based"/>
    <property name="line.separator" value="&#10;"/>
    <property name="java.vm.specification.vendor" value="Oracle Corporation"/>
    <property name="java.specification.name" value="Java Platform API Specification"/>
    <property name="surefire.real.class.path" value="/Users/pulkit.agrawal/RestAssuredFramework/target/surefire/surefirebooter-20240221144300896_3.jar"/>
    <property name="sun.management.compiler" value="HotSpot 64-Bit Tiered Compilers"/>
    <property name="ftp.nonProxyHosts" value="local|*.local|169.254/16|*.169.254/16"/>
    <property name="java.runtime.version" value="17.0.9+0"/>
    <property name="user.name" value="pulkit.agrawal"/>
    <property name="path.separator" value=":"/>
    <property name="os.version" value="13.4.1"/>
    <property name="java.runtime.name" value="OpenJDK Runtime Environment"/>
    <property name="file.encoding" value="US-ASCII"/>
    <property name="java.vm.name" value="OpenJDK 64-Bit Server VM"/>
    <property name="java.vendor.version" value="Homebrew"/>
    <property name="localRepository" value="/Users/pulkit.agrawal/.m2/repository"/>
    <property name="java.vendor.url.bug" value="https://github.com/Homebrew/homebrew-core/issues"/>
    <property name="java.io.tmpdir" value="/var/folders/d1/723yj3xn6h19112xsbfjkly40000gq/T/"/>
    <property name="java.version" value="17.0.9"/>
    <property name="user.dir" value="/Users/pulkit.agrawal/RestAssuredFramework"/>
    <property name="os.arch" value="x86_64"/>
    <property name="java.vm.specification.name" value="Java Virtual Machine Specification"/>
    <property name="native.encoding" value="US-ASCII"/>
    <property name="java.library.path" value="/Users/pulkit.agrawal/Library/Java/Extensions:/Library/Java/Extensions:/Network/Library/Java/Extensions:/System/Library/Java/Extensions:/usr/lib/java:."/>
    <property name="java.vm.info" value="mixed mode, sharing"/>
    <property name="java.vendor" value="Homebrew"/>
    <property name="java.vm.version" value="17.0.9+0"/>
    <property name="sun.io.unicode.encoding" value="UnicodeBig"/>
    <property name="socksNonProxyHosts" value="local|*.local|169.254/16|*.169.254/16"/>
    <property name="java.class.version" value="61.0"/>
  </properties>
  <testcase name="shouldNotBeAbleToCreateplaylistWithExpireToken" classname="com.spotify.oauth2.tests.PlaylistTests" time="3.424">
    <system-out><![CDATA[Starting test shouldBeAbleToGetPlaylist
Starting test shouldNotBeAbleToCreateplaylistWithoutName
Starting test shouldBeAbleToUpdatePlayLists
Starting test shouldBeAbleToCreateplaylist
Starting test shouldNotBeAbleToCreateplaylistWithExpireToken
Thread Id:  21
Thread Id:  25
Thread Id:  22
Thread Id:  23
Thread Id:  24
Renewing Token....
Request method:	POST
Request URI:	https://accounts.spotify.com/api/token
Proxy:			<none>
Request params:	<none>
Query params:	<none>
Form params:	refresh_token=AQCLAP-gclfsdRgbAk0LLxTPdrguMemUudwbj-lk83KOQ0W9j2xi_V8sZoTUHe0ttGoirAjbpJu2mxckWcJOR2I5zSr7Ym29npZ2ks91UjWyDE0tFHooYpjBJqwGakXc5_4
				grant_type=refresh_token
				client_secret=488d0e1e9e6141f6aafcff93aa8cce01
				client_id=21eef10696a64a3eb008c12d3573b42e
Path params:	<none>
Headers:		Accept=*/*
				Content-Type=application/x-www-form-urlencoded; charset=ISO-8859-1
Cookies:		<none>
Multiparts:		<none>
Body:			<none>
Request method:	POST
Request URI:	https://api.spotify.com/v1/users/31rf3skpk3sdus37q7ujfr3eqh4m/playlists
Proxy:			<none>
Request params:	<none>
Query params:	<none>
Form params:	<none>
Path params:	<none>
Headers:		Accept=*/*
				Content-Type=application/json
Cookies:		<none>
Multiparts:		<none>
Body:
{
    "name": "PlayList_qw_k,_ LK",
    "description": "Description5Gs # _r#ij.- &+f + +8_&++&&c_+7 _P#_h&+dE-O#R##6 ",
    "public": false
}
HTTP/1.1 401 Unauthorized
www-authenticate: Bearer realm="spotify", error="invalid_token", error_description="Invalid access token"
access-control-allow-origin: *
access-control-allow-headers: Accept, App-Platform, Authorization, Content-Type, Origin, Retry-After, Spotify-App-Version, X-Cloud-Trace-Context, client-token, content-access-token
access-control-allow-methods: GET, POST, OPTIONS, PUT, DELETE, PATCH
access-control-allow-credentials: true
access-control-max-age: 604800
content-type: application/json
content-encoding: gzip
strict-transport-security: max-age=31536000
x-content-type-options: nosniff
date: Wed, 21 Feb 2024 09:13:06 GMT
server: envoy
Via: HTTP/2 edgeproxy, 1.1 google
Alt-Svc: h3=":443"; ma=2592000,h3-29=":443"; ma=2592000
Transfer-Encoding: chunked

{
    "error": {
        "status": 401,
        "message": "Invalid access token"
    }
}
HTTP/1.1 200 OK
date: Wed, 21 Feb 2024 09:13:07 GMT
content-type: application/json
vary: Accept-Encoding
set-cookie: __Host-device_id=AQDOZZLRDB-2hAlsmVBvvgXm4H9lWyPznlYPMeBxzDWolgCtqDzePXVq3GxrmB0vNlhZb90l-PkdZvqEqXozFrzDL5N32KFlCIo;Version=1;Path=/;Max-Age=2147483647;Secure;HttpOnly;SameSite=Lax
set-cookie: sp_tr=false;Version=1;Domain=accounts.spotify.com;Path=/;Secure;SameSite=Lax
sp-trace-id: 97812912156d9bc3
content-encoding: gzip
x-envoy-upstream-service-time: 42
server: envoy
strict-transport-security: max-age=31536000
x-content-type-options: nosniff
Via: HTTP/2 edgeproxy, 1.1 google
Alt-Svc: h3=":443"; ma=2592000,h3-29=":443"; ma=2592000
Transfer-Encoding: chunked

{
    "access_token": "BQDD_rlDQZJJ-rwGdbVvhY0knmV6wd8Gk6oZUoxFMVGOZIgq_VvuywFy_sgOvDQdZQ1YtQB3U85zJViXtbPB4BXOsjXqsf8PztHQqYgNDD4gNyb9dh8VJbtDKwXSOPpHndZ1ydZTtUY8qUqutxUoAX6OeOvaacx1B9qQ1Pr5O4O1C03_CFF5J6KuYSt2cnvYYFAfyZzABk52URXDJXUOz0HIZvMxI06c54QJdSByATVyNw4_QKv284zw33yoBiIxvXOGeIK2OSEE3VEb",
    "token_type": "Bearer",
    "expires_in": 3600,
    "scope": "playlist-read-private playlist-read-collaborative playlist-modify-private playlist-modify-public"
}
]]></system-out>
    <system-err><![CDATA[SLF4J: Failed to load class "org.slf4j.impl.StaticLoggerBinder".
SLF4J: Defaulting to no-operation (NOP) logger implementation
SLF4J: See http://www.slf4j.org/codes.html#StaticLoggerBinder for further details.
]]></system-err>
  </testcase>
  <testcase name="shouldNotBeAbleToCreateplaylistWithoutName" classname="com.spotify.oauth2.tests.PlaylistTests" time="4.478">
    <system-out><![CDATA[Token is good to use
Token is good to use
Token is good to use
Request method:	GET
Request URI:	https://api.spotify.com/v1/playlists/60B55tqiGfAdC3hhTq65UN
Proxy:			<none>
Request params:	<none>
Query params:	<none>
Form params:	<none>
Path params:	<none>
Headers:		Accept=*/*
				Content-Type=application/json
Cookies:		<none>
Multiparts:		<none>
Body:			<none>
Request method:	PUT
Request URI:	https://api.spotify.com/v1/playlists/2Iky6h9qx1lt7mnbiipIIp
Proxy:			<none>
Request params:	<none>
Query params:	<none>
Form params:	<none>
Path params:	<none>
Headers:		Accept=*/*
				Content-Type=application/json
Cookies:		<none>
Multiparts:		<none>
Body:
{
    "name": "PlayList7 __- 9Z-I",
    "description": "Description&i+_##R5 K+&& _I#+#+&++-m26&L_T+#oE_##. #-4 +6+_ 3",
    "public": false
}
Request method:	POST
Request URI:	https://api.spotify.com/v1/users/31rf3skpk3sdus37q7ujfr3eqh4m/playlists
Proxy:			<none>
Request params:	<none>
Query params:	<none>
Form params:	<none>
Path params:	<none>
Headers:		Accept=*/*
				Content-Type=application/json
Cookies:		<none>
Multiparts:		<none>
Body:
{
    "name": "PlayList_W_d ,Dx 6",
    "description": "Description&.3nb t#+I_+ &. -- ml_9W#-4_ #+ bk-ct+c _t##+&#&u#",
    "public": false
}
Request method:	POST
Request URI:	https://api.spotify.com/v1/users/31rf3skpk3sdus37q7ujfr3eqh4m/playlists
Proxy:			<none>
Request params:	<none>
Query params:	<none>
Form params:	<none>
Path params:	<none>
Headers:		Accept=*/*
				Content-Type=application/json
Cookies:		<none>
Multiparts:		<none>
Body:
{
    "name": "",
    "description": "Description  _m &tS&+.#_h5_+#__ #_# 0R &&R&+Q_7+_5&iH #._ LM ",
    "public": false
}
HTTP/1.1 400 Bad Request
content-type: application/json; charset=utf-8
cache-control: private, max-age=0
x-robots-tag: noindex, nofollow
access-control-allow-origin: *
access-control-allow-headers: Accept, App-Platform, Authorization, Content-Type, Origin, Retry-After, Spotify-App-Version, X-Cloud-Trace-Context, client-token, content-access-token
access-control-allow-methods: GET, POST, OPTIONS, PUT, DELETE, PATCH
access-control-allow-credentials: true
access-control-max-age: 604800
content-encoding: gzip
strict-transport-security: max-age=31536000
x-content-type-options: nosniff
date: Wed, 21 Feb 2024 09:13:08 GMT
server: envoy
Via: HTTP/2 edgeproxy, 1.1 google
Alt-Svc: h3=":443"; ma=2592000,h3-29=":443"; ma=2592000
Transfer-Encoding: chunked

{
    "error": {
        "status": 400,
        "message": "Missing required field: name"
    }
}
]]></system-out>
  </testcase>
  <testcase name="shouldBeAbleToGetPlaylist" classname="com.spotify.oauth2.tests.PlaylistTests" time="4.653">
    <system-out><![CDATA[HTTP/1.1 200 OK
content-type: application/json; charset=utf-8
cache-control: public, max-age=0
etag: "MC-IjdjMDE1ZWFlMjU5ODIwOTE2MGZjMTExMDU5MjIyMTNlIg=="
x-robots-tag: noindex, nofollow
access-control-allow-origin: *
access-control-allow-headers: Accept, App-Platform, Authorization, Content-Type, Origin, Retry-After, Spotify-App-Version, X-Cloud-Trace-Context, client-token, content-access-token
access-control-allow-methods: GET, POST, OPTIONS, PUT, DELETE, PATCH
access-control-allow-credentials: true
access-control-max-age: 604800
content-encoding: gzip
strict-transport-security: max-age=31536000
x-content-type-options: nosniff
date: Wed, 21 Feb 2024 09:13:08 GMT
server: envoy
Via: HTTP/2 edgeproxy, 1.1 google
Alt-Svc: h3=":443"; ma=2592000,h3-29=":443"; ma=2592000
Transfer-Encoding: chunked

{
    "collaborative": false,
    "description": "New playlist description",
    "external_urls": {
        "spotify": "https://open.spotify.com/playlist/60B55tqiGfAdC3hhTq65UN"
    },
    "followers": {
        "href": null,
        "total": 0
    },
    "href": "https://api.spotify.com/v1/playlists/60B55tqiGfAdC3hhTq65UN",
    "id": "60B55tqiGfAdC3hhTq65UN",
    "images": null,
    "name": "New Playlist 1",
    "owner": {
        "display_name": "Pulkit Agrawal",
        "external_urls": {
            "spotify": "https://open.spotify.com/user/31rf3skpk3sdus37q7ujfr3eqh4m"
        },
        "href": "https://api.spotify.com/v1/users/31rf3skpk3sdus37q7ujfr3eqh4m",
        "id": "31rf3skpk3sdus37q7ujfr3eqh4m",
        "type": "user",
        "uri": "spotify:user:31rf3skpk3sdus37q7ujfr3eqh4m"
    },
    "primary_color": null,
    "public": true,
    "snapshot_id": "MixiM2JkN2M4MzhlNDY0M2YwZTBiNTk3ZWEyMTA2NTViMWY1NDJiYTM2",
    "tracks": {
        "href": "https://api.spotify.com/v1/playlists/60B55tqiGfAdC3hhTq65UN/tracks?offset=0&limit=0",
        "items": [
            
        ],
        "limit": 0,
        "next": null,
        "offset": 0,
        "previous": null,
        "total": 0
    },
    "type": "playlist",
    "uri": "spotify:playlist:60B55tqiGfAdC3hhTq65UN"
}
HTTP/1.1 201 Created
content-type: application/json; charset=utf-8
cache-control: private, max-age=0
location: https://api.spotify.com/v1/playlists/0vxkb2b05gtVC0TW8tdPWW
x-robots-tag: noindex, nofollow
access-control-allow-origin: *
access-control-allow-headers: Accept, App-Platform, Authorization, Content-Type, Origin, Retry-After, Spotify-App-Version, X-Cloud-Trace-Context, client-token, content-access-token
access-control-allow-methods: GET, POST, OPTIONS, PUT, DELETE, PATCH
access-control-allow-credentials: true
access-control-max-age: 604800
content-encoding: gzip
strict-transport-security: max-age=31536000
x-content-type-options: nosniff
date: Wed, 21 Feb 2024 09:13:08 GMT
server: envoy
Via: HTTP/2 edgeproxy, 1.1 google
Alt-Svc: h3=":443"; ma=2592000,h3-29=":443"; ma=2592000
Transfer-Encoding: chunked

{
    "collaborative": false,
    "description": "Description&.3nb t#+I_+ &. -- ml_9W#-4_ #+ bk-ct+c _t##+&#&u#",
    "external_urls": {
        "spotify": "https://open.spotify.com/playlist/0vxkb2b05gtVC0TW8tdPWW"
    },
    "followers": {
        "href": null,
        "total": 0
    },
    "href": "https://api.spotify.com/v1/playlists/0vxkb2b05gtVC0TW8tdPWW",
    "id": "0vxkb2b05gtVC0TW8tdPWW",
    "images": [
        
    ],
    "name": "PlayList_W_d ,Dx 6",
    "owner": {
        "display_name": "Pulkit Agrawal",
        "external_urls": {
            "spotify": "https://open.spotify.com/user/31rf3skpk3sdus37q7ujfr3eqh4m"
        },
        "href": "https://api.spotify.com/v1/users/31rf3skpk3sdus37q7ujfr3eqh4m",
        "id": "31rf3skpk3sdus37q7ujfr3eqh4m",
        "type": "user",
        "uri": "spotify:user:31rf3skpk3sdus37q7ujfr3eqh4m"
    },
    "primary_color": null,
    "public": false,
    "snapshot_id": "MSw4N2NhZjcyMWUxYzFhNzE5MDEyYjU1OTY2YTlmY2Q0N2E1Yzg5NTcw",
    "tracks": {
        "href": "https://api.spotify.com/v1/playlists/0vxkb2b05gtVC0TW8tdPWW/tracks",
        "items": [
            
        ],
        "limit": 100,
        "next": null,
        "offset": 0,
        "previous": null,
        "total": 0
    },
    "type": "playlist",
    "uri": "spotify:playlist:0vxkb2b05gtVC0TW8tdPWW"
}
]]></system-out>
  </testcase>
  <testcase name="shouldBeAbleToCreateplaylist" classname="com.spotify.oauth2.tests.PlaylistTests" time="4.653"/>
  <testcase name="shouldBeAbleToUpdatePlayLists" classname="com.spotify.oauth2.tests.PlaylistTests" time="4.672">
    <system-out><![CDATA[HTTP/1.1 200 OK
cache-control: private, max-age=0
x-robots-tag: noindex, nofollow
access-control-allow-origin: *
access-control-allow-headers: Accept, App-Platform, Authorization, Content-Type, Origin, Retry-After, Spotify-App-Version, X-Cloud-Trace-Context, client-token, content-access-token
access-control-allow-methods: GET, POST, OPTIONS, PUT, DELETE, PATCH
access-control-allow-credentials: true
access-control-max-age: 604800
Content-Length: 0
strict-transport-security: max-age=31536000
x-content-type-options: nosniff
date: Wed, 21 Feb 2024 09:13:08 GMT
server: envoy
Via: HTTP/2 edgeproxy, 1.1 google
Alt-Svc: h3=":443"; ma=2592000,h3-29=":443"; ma=2592000
]]></system-out>
  </testcase>
</testsuite>