<?xml version="1.0" encoding="UTF-8"?>
<!-- Generated by org.testng.reporters.JUnitReportReporter -->
<testsuite hostname="pulkit.agrawal-MacBook-Pro" failures="0" tests="5" name="com.spotify.oauth2.tests.PlaylistTests" time="21.968" errors="0" timestamp="2024-02-21T14:43:08 IST" skipped="0">
  <testcase classname="com.spotify.oauth2.tests.PlaylistTests" name="shouldBeAbleToUpdatePlayLists" time="4.701"/>
  <testcase classname="com.spotify.oauth2.tests.PlaylistTests" name="shouldBeAbleToCreateplaylist" time="4.670"/>
  <testcase classname="com.spotify.oauth2.tests.PlaylistTests" name="shouldNotBeAbleToCreateplaylistWithoutName" time="4.506"/>
  <testcase classname="com.spotify.oauth2.tests.PlaylistTests" name="shouldBeAbleToGetPlaylist" time="4.652"/>
  <testcase classname="com.spotify.oauth2.tests.PlaylistTests" name="shouldNotBeAbleToCreateplaylistWithExpireToken" time="3.439"/>
</testsuite> <!-- com.spotify.oauth2.tests.PlaylistTests -->
